<?xml version="1.0" encoding="UTF-8"?>
<testng-results ignored="0" total="1" passed="1" failed="0" skipped="0">
  <reporter-output>
  </reporter-output>
  <suite started-at="2022-03-17T16:36:21 IST" name="Default suite" finished-at="2022-03-17T16:36:36 IST" duration-ms="15058">
    <groups>
    </groups>
    <test started-at="2022-03-17T16:36:21 IST" name="Default test" finished-at="2022-03-17T16:36:36 IST" duration-ms="15058">
      <class name="com.simplilearn.testngselenium.FacebookTest">
        <test-method is-config="true" signature="beforeMethod()[pri:0, instance:com.simplilearn.testngselenium.FacebookTest@6dc17b83]" started-at="2022-03-17T16:36:21 IST" name="beforeMethod" finished-at="2022-03-17T16:36:27 IST" duration-ms="5676" status="PASS">
          <reporter-output>
          </reporter-output>
        </test-method> <!-- beforeMethod -->
        <test-method signature="login()[pri:0, instance:com.simplilearn.testngselenium.FacebookTest@6dc17b83]" started-at="2022-03-17T16:36:27 IST" name="login" finished-at="2022-03-17T16:36:36 IST" duration-ms="9318" status="PASS">
          <reporter-output>
          </reporter-output>
        </test-method> <!-- login -->
        <test-method is-config="true" signature="afterMethod()[pri:0, instance:com.simplilearn.testngselenium.FacebookTest@6dc17b83]" started-at="2022-03-17T16:36:36 IST" name="afterMethod" finished-at="2022-03-17T16:36:36 IST" duration-ms="0" status="PASS">
          <reporter-output>
          </reporter-output>
        </test-method> <!-- afterMethod -->
      </class> <!-- com.simplilearn.testngselenium.FacebookTest -->
    </test> <!-- Default test -->
  </suite> <!-- Default suite -->
</testng-results>
